<?xml version="1.0" encoding="UTF-8"?>
<testng-results skipped="0" failed="0" total="3" passed="3">
  <reporter-output>
  </reporter-output>
  <suite name="Default suite" duration-ms="47347" started-at="2017-10-25T13:37:26Z" finished-at="2017-10-25T13:38:13Z">
    <groups>
    </groups>
    <test name="Default test" duration-ms="47347" started-at="2017-10-25T13:37:26Z" finished-at="2017-10-25T13:38:13Z">
      <class name="com.bank.tests.HomePageIT">
        <test-method status="PASS" signature="SetUp()[pri:0, instance:com.bank.tests.HomePageIT@1d057a39]" name="SetUp" is-config="true" duration-ms="4827" started-at="2017-10-25T09:37:26Z" finished-at="2017-10-25T09:37:31Z">
          <reporter-output>
          </reporter-output>
        </test-method> <!-- SetUp -->
        <test-method status="PASS" signature="testWellsFargo()[pri:0, instance:com.bank.tests.HomePageIT@1d057a39]" name="testWellsFargo" duration-ms="5642" started-at="2017-10-25T09:37:31Z" finished-at="2017-10-25T09:37:36Z">
          <reporter-output>
          </reporter-output>
        </test-method> <!-- testWellsFargo -->
        <test-method status="PASS" signature="tearDown()[pri:0, instance:com.bank.tests.HomePageIT@1d057a39]" name="tearDown" is-config="true" duration-ms="256" started-at="2017-10-25T09:37:36Z" finished-at="2017-10-25T09:37:37Z">
          <reporter-output>
          </reporter-output>
        </test-method> <!-- tearDown -->
        <test-method status="PASS" signature="SetUp()[pri:0, instance:com.bank.tests.HomePageIT@1d057a39]" name="SetUp" is-config="true" duration-ms="2394" started-at="2017-10-25T09:37:37Z" finished-at="2017-10-25T09:37:39Z">
          <reporter-output>
          </reporter-output>
        </test-method> <!-- SetUp -->
        <test-method status="PASS" signature="testEnroll()[pri:0, instance:com.bank.tests.HomePageIT@1d057a39]" name="testEnroll" duration-ms="6615" started-at="2017-10-25T09:37:39Z" finished-at="2017-10-25T09:37:46Z">
          <reporter-output>
          </reporter-output>
        </test-method> <!-- testEnroll -->
        <test-method status="PASS" signature="tearDown()[pri:0, instance:com.bank.tests.HomePageIT@1d057a39]" name="tearDown" is-config="true" duration-ms="312" started-at="2017-10-25T09:37:46Z" finished-at="2017-10-25T09:37:46Z">
          <reporter-output>
          </reporter-output>
        </test-method> <!-- tearDown -->
        <test-method status="PASS" signature="SetUp()[pri:0, instance:com.bank.tests.HomePageIT@1d057a39]" name="SetUp" is-config="true" duration-ms="1937" started-at="2017-10-25T09:37:46Z" finished-at="2017-10-25T09:37:48Z">
          <reporter-output>
          </reporter-output>
        </test-method> <!-- SetUp -->
        <test-method status="PASS" signature="testCareers()[pri:0, instance:com.bank.tests.HomePageIT@1d057a39]" name="testCareers" duration-ms="5061" started-at="2017-10-25T09:37:48Z" finished-at="2017-10-25T09:37:53Z">
          <reporter-output>
          </reporter-output>
        </test-method> <!-- testCareers -->
        <test-method status="PASS" signature="tearDown()[pri:0, instance:com.bank.tests.HomePageIT@1d057a39]" name="tearDown" is-config="true" duration-ms="123" started-at="2017-10-25T09:37:53Z" finished-at="2017-10-25T09:37:53Z">
          <reporter-output>
          </reporter-output>
        </test-method> <!-- tearDown -->
        <test-method status="FAIL" signature="tearDown()[pri:0, instance:com.bank.tests.HomePageIT@1d057a39]" name="tearDown" is-config="true" duration-ms="0" started-at="2017-10-25T09:37:53Z" finished-at="2017-10-25T09:37:53Z">
          <exception class="org.openqa.selenium.remote.SessionNotFoundException">
            <message>
              <![CDATA[no such session
  (Driver info: chromedriver=2.32.498537 (cb2f855cbc7b82e20387eaf9a43f6b99b6105061),platform=Mac OS X 10.12.6 x86_64) (WARNING: The server did not provide any stacktrace information)
Command duration or timeout: 64 milliseconds
Build info: version: '2.45.0', revision: '5017cb8e7ca8e37638dc3091b2440b90a1d8686f', time: '2015-02-27 09:10:26'
System info: host: 'Arunas-MacBook-Air.local', ip: '192.168.1.12', os.name: 'Mac OS X', os.arch: 'x86_64', os.version: '10.12.6', java.version: '1.8.0_77'
Driver info: org.openqa.selenium.chrome.ChromeDriver
Capabilities [{applicationCacheEnabled=false, rotatable=false, mobileEmulationEnabled=false, networkConnectionEnabled=false, chrome={chromedriverVersion=2.32.498537 (cb2f855cbc7b82e20387eaf9a43f6b99b6105061), userDataDir=/var/folders/14/w0szgrb52j71l89g7z1fm2dr0000gn/T/.org.chromium.Chromium.RHM8cL}, takesHeapSnapshot=true, pageLoadStrategy=normal, databaseEnabled=false, handlesAlerts=true, hasTouchScreen=false, version=61.0.3163.100, platform=MAC, browserConnectionEnabled=false, nativeEvents=true, acceptSslCerts=true, locationContextEnabled=true, webStorageEnabled=true, browserName=chrome, takesScreenshot=true, javascriptEnabled=true, cssSelectorsEnabled=true, setWindowRect=true, unexpectedAlertBehaviour=}]
Session ID: 77058e64a968d7e9682e4cd9853391b2]]>
            </message>
            <full-stacktrace>
              <![CDATA[org.openqa.selenium.remote.SessionNotFoundException: no such session
  (Driver info: chromedriver=2.32.498537 (cb2f855cbc7b82e20387eaf9a43f6b99b6105061),platform=Mac OS X 10.12.6 x86_64) (WARNING: The server did not provide any stacktrace information)
Command duration or timeout: 64 milliseconds
Build info: version: '2.45.0', revision: '5017cb8e7ca8e37638dc3091b2440b90a1d8686f', time: '2015-02-27 09:10:26'
System info: host: 'Arunas-MacBook-Air.local', ip: '192.168.1.12', os.name: 'Mac OS X', os.arch: 'x86_64', os.version: '10.12.6', java.version: '1.8.0_77'
Driver info: org.openqa.selenium.chrome.ChromeDriver
Capabilities [{applicationCacheEnabled=false, rotatable=false, mobileEmulationEnabled=false, networkConnectionEnabled=false, chrome={chromedriverVersion=2.32.498537 (cb2f855cbc7b82e20387eaf9a43f6b99b6105061), userDataDir=/var/folders/14/w0szgrb52j71l89g7z1fm2dr0000gn/T/.org.chromium.Chromium.RHM8cL}, takesHeapSnapshot=true, pageLoadStrategy=normal, databaseEnabled=false, handlesAlerts=true, hasTouchScreen=false, version=61.0.3163.100, platform=MAC, browserConnectionEnabled=false, nativeEvents=true, acceptSslCerts=true, locationContextEnabled=true, webStorageEnabled=true, browserName=chrome, takesScreenshot=true, javascriptEnabled=true, cssSelectorsEnabled=true, setWindowRect=true, unexpectedAlertBehaviour=}]
Session ID: 77058e64a968d7e9682e4cd9853391b2
	at sun.reflect.NativeConstructorAccessorImpl.newInstance0(Native Method)
	at sun.reflect.NativeConstructorAccessorImpl.newInstance(NativeConstructorAccessorImpl.java:62)
	at sun.reflect.DelegatingConstructorAccessorImpl.newInstance(DelegatingConstructorAccessorImpl.java:45)
	at java.lang.reflect.Constructor.newInstance(Constructor.java:423)
	at org.openqa.selenium.remote.ErrorHandler.createThrowable(ErrorHandler.java:204)
	at org.openqa.selenium.remote.ErrorHandler.throwIfResponseFailed(ErrorHandler.java:162)
	at org.openqa.selenium.remote.RemoteWebDriver.execute(RemoteWebDriver.java:599)
	at org.openqa.selenium.remote.RemoteWebDriver.execute(RemoteWebDriver.java:622)
	at org.openqa.selenium.remote.RemoteWebDriver.close(RemoteWebDriver.java:463)
	at com.bank.tests.HomePageIT.tearDown(HomePageIT.java:80)
	at sun.reflect.NativeMethodAccessorImpl.invoke0(Native Method)
	at sun.reflect.NativeMethodAccessorImpl.invoke(NativeMethodAccessorImpl.java:62)
	at sun.reflect.DelegatingMethodAccessorImpl.invoke(DelegatingMethodAccessorImpl.java:43)
	at java.lang.reflect.Method.invoke(Method.java:498)
	at org.testng.internal.MethodInvocationHelper.invokeMethod(MethodInvocationHelper.java:80)
	at org.testng.internal.Invoker.invokeConfigurationMethod(Invoker.java:564)
	at org.testng.internal.Invoker.invokeConfigurations(Invoker.java:213)
	at org.testng.internal.Invoker.invokeConfigurations(Invoker.java:138)
	at org.testng.internal.TestMethodWorker.invokeAfterClassMethods(TestMethodWorker.java:225)
	at org.testng.internal.TestMethodWorker.run(TestMethodWorker.java:114)
	at org.testng.TestRunner.privateRun(TestRunner.java:767)
	at org.testng.TestRunner.run(TestRunner.java:617)
	at org.testng.SuiteRunner.runTest(SuiteRunner.java:334)
	at org.testng.SuiteRunner.runSequentially(SuiteRunner.java:329)
	at org.testng.SuiteRunner.privateRun(SuiteRunner.java:291)
	at org.testng.SuiteRunner.run(SuiteRunner.java:240)
	at org.testng.SuiteRunnerWorker.runSuite(SuiteRunnerWorker.java:52)
	at org.testng.SuiteRunnerWorker.run(SuiteRunnerWorker.java:86)
	at org.testng.TestNG.runSuitesSequentially(TestNG.java:1198)
	at org.testng.TestNG.runSuitesLocally(TestNG.java:1123)
	at org.testng.TestNG.run(TestNG.java:1031)
	at org.testng.remote.AbstractRemoteTestNG.run(AbstractRemoteTestNG.java:114)
	at org.testng.remote.RemoteTestNG.initAndRun(RemoteTestNG.java:251)
	at org.testng.remote.RemoteTestNG.main(RemoteTestNG.java:77)
]]>
            </full-stacktrace>
          </exception> <!-- org.openqa.selenium.remote.SessionNotFoundException -->
          <reporter-output>
          </reporter-output>
        </test-method> <!-- tearDown -->
      </class> <!-- com.bank.tests.HomePageIT -->
    </test> <!-- Default test -->
  </suite> <!-- Default suite -->
</testng-results>
